<?xml version="1.0" encoding="UTF-8"?>
<!-- Generated by org.testng.reporters.JUnitReportReporter -->
<testsuite hostname="DESKTOP-HCB631N" name="om.qa.tests.GetAPITest" tests="2" failures="0" timestamp="24 Oct 2018 19:13:47 GMT" time="2.422" errors="0">
  <testcase name="getAPITestWithoutHeaders" time="0.612" classname="om.qa.tests.GetAPITest"/>
  <testcase name="getAPITestWithHeaders" time="1.810" classname="om.qa.tests.GetAPITest"/>
</testsuite> <!-- om.qa.tests.GetAPITest -->
